2021-10-28T05:26:00.243Z [undefined] [33mwarn[39m: Hello From Logger
2021-10-28T05:27:43.536Z [Boiler Plate] [33mwarn[39m: Hello From Logger
2021-10-28T05:28:05.932Z [Boiler Plate] [33mwarn[39m: Hello From Logger
2021-10-28T05:32:05.517Z [Boiler Plate] [33mwarn[39m: Hello From Logger
2021-10-28T05:40:19.748Z [Boiler Plate] [33mwarn[39m: Hello From Logger
2021-10-28T05:41:34.398Z [Boiler Plate] [33mwarn[39m: Hello From Logger
2021-10-28T05:42:11.625Z [Boiler Plate] [33mwarn[39m: Hello From Logger
2021-10-28T05:43:34.142Z [Boiler Plate] [33mwarn[39m: Hello From Logger
2021-10-28T05:44:35.033Z [Boiler Plate] [33mwarn[39m: Hello From Logger
2021-10-28T05:45:03.242Z [Boiler Plate] [33mwarn[39m: Hello From Logger
2021-10-28T05:45:51.046Z [Boiler Plate] [33mwarn[39m: Hello From Logger
2021-10-28T05:46:34.672Z [Boiler Plate] [33mwarn[39m: Hello From Logger
2021-10-28T08:55:47.406Z [Boiler Plate] [33mwarn[39m: Hello From Logger
2021-10-31T06:59:03.378Z [Boiler Plate] [33mwarn[39m: Hello From Logger
2021-10-31T08:43:37.173Z [Boiler Plate] [33mwarn[39m: Hello From Logger
2021-10-31T08:48:22.842Z [Boiler Plate] [33mwarn[39m: Hello From Logger
2021-10-31T08:49:00.482Z [Boiler Plate] [32minfo[39m: Authentication on email xyz@gmail.com and Password 1234
2021-10-31T08:50:47.433Z [Boiler Plate] [33mwarn[39m: Hello From Logger
2021-10-31T08:51:25.662Z [Boiler Plate] [32minfo[39m: Authentication on email xyz@gmail.com and Password 1234
2021-10-31T09:01:56.585Z [Boiler Plate] [33mwarn[39m: Hello From Logger
2021-11-01T08:09:06.241Z [Boiler Plate] [33mwarn[39m: Hello From Logger
2021-11-02T15:54:58.299Z [Boiler Plate] [33mwarn[39m: Hello From Logger
2021-11-02T16:05:09.502Z [Boiler Plate] [33mwarn[39m: Hello From Logger
2021-11-02T16:06:05.666Z [Boiler Plate] [33mwarn[39m: Hello From Logger
2021-11-02T16:08:18.284Z [Boiler Plate] [33mwarn[39m: Hello From Logger
2021-11-02T16:09:11.842Z [Boiler Plate] [33mwarn[39m: Hello From Logger
2021-11-02T16:14:31.400Z [Boiler Plate] [33mwarn[39m: Hello From Logger
2021-11-02T16:15:58.183Z [Boiler Plate] [33mwarn[39m: Hello From Logger
2021-11-02T16:28:33.491Z [Boiler Plate] [33mwarn[39m: Hello From Logger
2021-11-02T16:29:24.688Z [Boiler Plate] [33mwarn[39m: Hello From Logger
2021-11-02T16:31:01.299Z [Boiler Plate] [33mwarn[39m: Hello From Logger
2021-11-02T16:57:22.119Z [Boiler Plate] [33mwarn[39m: Hello From Logger
2021-11-02T16:58:15.449Z [Boiler Plate] [33mwarn[39m: Hello From Logger
2021-11-02T17:00:50.552Z [Boiler Plate] [33mwarn[39m: Hello From Logger
2021-11-02T17:03:14.428Z [Boiler Plate] [33mwarn[39m: Hello From Logger
2021-11-02T17:05:28.270Z [Boiler Plate] [33mwarn[39m: Hello From Logger
2021-11-02T17:09:18.270Z [Boiler Plate] [33mwarn[39m: Hello From Logger
2021-11-02T17:17:42.028Z [Boiler Plate] [33mwarn[39m: Hello From Logger
2021-11-02T17:21:27.043Z [Boiler Plate] [33mwarn[39m: Hello From Logger
2021-11-02T17:22:44.779Z [Boiler Plate] [33mwarn[39m: Hello From Logger
2021-11-02T17:30:18.814Z [Boiler Plate] [33mwarn[39m: Hello From Logger
2021-11-03T05:01:25.364Z [Boiler Plate] [33mwarn[39m: Hello From Logger
2021-11-03T05:10:02.515Z [Boiler Plate] [33mwarn[39m: Hello From Logger
2021-11-07T10:55:08.971Z [Boiler Plate] [33mwarn[39m: Hello From Logger
2021-11-07T11:07:22.981Z [Boiler Plate] [33mwarn[39m: Hello From Logger
2021-11-07T11:29:54.614Z [Boiler Plate] [33mwarn[39m: Hello From Logger
2021-11-07T11:35:51.435Z [Boiler Plate] [33mwarn[39m: Hello From Logger
2021-11-07T11:41:43.706Z [Boiler Plate] [33mwarn[39m: Hello From Logger
2021-11-07T11:44:11.832Z [Boiler Plate] [33mwarn[39m: Hello From Logger
2021-11-07T11:49:23.739Z [Boiler Plate] [32minfo[39m: Authentication on email 1 and Password undefined
2021-11-07T11:49:56.205Z [Boiler Plate] [32minfo[39m: Authentication on email 1 and Password undefined
2021-11-07T11:50:02.373Z [Boiler Plate] [32minfo[39m: Authentication on email 1 and Password undefined
2021-11-07T11:54:45.572Z [Boiler Plate] [33mwarn[39m: Hello From Logger
2021-11-07T11:55:05.159Z [Boiler Plate] [32minfo[39m: Authentication on email 1 and Password undefined
2021-11-07T11:55:15.317Z [Boiler Plate] [32minfo[39m: Authentication on email 1 and Password undefined
2021-11-07T12:03:13.423Z [Boiler Plate] [32minfo[39m: Authentication on email 13 and Password undefined
2021-11-07T12:03:25.329Z [Boiler Plate] [32minfo[39m: Authentication on email 132 and Password undefined
2021-11-07T12:06:00.090Z [Boiler Plate] [33mwarn[39m: Hello From Logger
2021-11-07T12:07:07.645Z [Boiler Plate] [33mwarn[39m: Hello From Logger
2021-11-07T12:08:34.731Z [Boiler Plate] [33mwarn[39m: Hello From Logger
2021-11-07T12:09:58.381Z [Boiler Plate] [33mwarn[39m: Hello From Logger
2021-11-07T12:11:49.488Z [Boiler Plate] [33mwarn[39m: Hello From Logger
2021-11-07T12:14:49.147Z [Boiler Plate] [33mwarn[39m: Hello From Logger
2021-11-07T13:00:21.174Z [Boiler Plate] [32minfo[39m: Authentication on email 1 and Password malyun
2021-11-07T13:00:57.219Z [Boiler Plate] [33mwarn[39m: Hello From Logger
2021-11-07T13:01:09.624Z [Boiler Plate] [32minfo[39m: Authentication on email 12 and Password malyun
2021-11-07T13:07:28.286Z [Boiler Plate] [33mwarn[39m: Hello From Logger
2021-11-07T13:07:51.645Z [Boiler Plate] [32minfo[39m: Authentication on email 12 and Password malyun
2021-11-07T13:08:05.614Z [Boiler Plate] [32minfo[39m: Authentication on email 1 and Password malyun
2021-11-07T13:10:31.449Z [Boiler Plate] [33mwarn[39m: Hello From Logger
2021-11-07T13:10:36.179Z [Boiler Plate] [32minfo[39m: Authentication on email 1 and Password malyun
2021-11-07T13:11:37.096Z [Boiler Plate] [33mwarn[39m: Hello From Logger
2021-11-07T13:11:44.670Z [Boiler Plate] [32minfo[39m: Authentication on email 1 and Password malyun
2021-11-07T13:12:28.084Z [Boiler Plate] [32minfo[39m: Authentication on email 2 and Password malyun
2021-11-07T13:16:12.419Z [Boiler Plate] [33mwarn[39m: Hello From Logger
2021-11-07T13:18:50.215Z [Boiler Plate] [33mwarn[39m: Hello From Logger
2021-11-07T13:19:16.667Z [Boiler Plate] [32minfo[39m: Authentication on email 2 and Password malyun
2021-11-07T13:20:16.481Z [Boiler Plate] [33mwarn[39m: Hello From Logger
2021-11-07T13:20:33.253Z [Boiler Plate] [32minfo[39m: Authentication on email 2 and Password malyun
2021-11-07T13:26:10.306Z [Boiler Plate] [33mwarn[39m: Hello From Logger
2021-11-07T13:26:15.963Z [Boiler Plate] [32minfo[39m: Authentication on email 2 and Password malyun
2021-11-07T13:27:30.315Z [Boiler Plate] [33mwarn[39m: Hello From Logger
2021-11-07T13:27:51.611Z [Boiler Plate] [32minfo[39m: Authentication on email 1 and Password Ahmed
2021-11-07T13:29:43.203Z [Boiler Plate] [33mwarn[39m: Hello From Logger
2021-11-07T13:29:47.061Z [Boiler Plate] [32minfo[39m: Authentication on email 1 and Password Ahmed
2021-11-07T13:30:02.826Z [Boiler Plate] [32minfo[39m: Authentication on email 12 and Password Ahmed
2021-11-07T13:31:45.062Z [Boiler Plate] [33mwarn[39m: Hello From Logger
2021-11-07T13:31:55.392Z [Boiler Plate] [32minfo[39m: Authentication on email 12 and Password Ahmed
2021-11-07T13:32:15.141Z [Boiler Plate] [32minfo[39m: Authentication on email 1 and Password Ahmed
2021-11-07T13:32:31.625Z [Boiler Plate] [32minfo[39m: Authentication on email 2 and Password malyuni
2021-11-07T13:32:39.862Z [Boiler Plate] [32minfo[39m: Authentication on email 2 and Password malyun
2021-11-07T13:41:26.250Z [Boiler Plate] [33mwarn[39m: Hello From Logger
2021-11-07T13:41:41.669Z [Boiler Plate] [32minfo[39m: Authentication on email 2 and Password malyun
2021-11-08T05:30:03.011Z [Boiler Plate] [33mwarn[39m: Hello From Logger
2021-11-08T05:31:53.512Z [Boiler Plate] [32minfo[39m: Authentication on email 2 and Password malyun
2021-11-08T05:36:39.042Z [Boiler Plate] [32minfo[39m: Authentication on email 2 and Password malyun
2021-11-08T05:36:50.635Z [Boiler Plate] [32minfo[39m: Authentication on email 23 and Password malyun
2021-11-08T05:54:45.698Z [Boiler Plate] [33mwarn[39m: Hello From Logger
2021-11-08T05:56:34.852Z [Boiler Plate] [32minfo[39m: Authentication on email 2 and Password malyun
2021-11-08T06:25:21.021Z [Boiler Plate] [33mwarn[39m: Hello From Logger
2021-11-08T06:25:28.958Z [Boiler Plate] [32minfo[39m: Authentication on email 2 and Password malyun
2021-11-08T06:26:21.648Z [Boiler Plate] [32minfo[39m: Authentication on email 2 and Password malyun
2021-11-08T08:35:06.185Z [Boiler Plate] [32minfo[39m: Authentication on email 2 and Password malyun
2021-11-08T08:35:30.189Z [Boiler Plate] [32minfo[39m: Authentication on email 2 and Password malyun
2021-11-09T13:46:15.695Z [Boiler Plate] [32minfo[39m: Calling Create User
2021-11-09T13:46:15.698Z [Boiler Plate] [32minfo[39m: Creating user 
2021-11-09T13:49:20.501Z [Boiler Plate] [32minfo[39m: Calling Create User
2021-11-09T13:49:20.504Z [Boiler Plate] [32minfo[39m: Creating user 
2021-11-09T13:51:58.594Z [Boiler Plate] [32minfo[39m: Calling Create User
2021-11-09T13:51:58.598Z [Boiler Plate] [32minfo[39m: Creating user 
2021-11-09T13:55:28.014Z [Boiler Plate] [32minfo[39m: Calling Create User
2021-11-09T13:55:28.018Z [Boiler Plate] [32minfo[39m: Creating user 
2021-11-09T13:56:21.425Z [Boiler Plate] [32minfo[39m: Calling Create User
2021-11-09T13:56:21.428Z [Boiler Plate] [32minfo[39m: Creating user 
2021-11-09T13:57:15.700Z [Boiler Plate] [32minfo[39m: Calling Create User
2021-11-09T13:57:15.700Z [Boiler Plate] [32minfo[39m: Creating user 
2021-11-09T13:57:54.617Z [Boiler Plate] [32minfo[39m: Calling Create User
2021-11-09T13:57:54.618Z [Boiler Plate] [32minfo[39m: Creating user 
2021-11-09T14:00:04.956Z [Boiler Plate] [32minfo[39m: Calling Create User
2021-11-09T14:00:04.961Z [Boiler Plate] [32minfo[39m: Creating user 
2021-11-09T14:04:06.113Z [Boiler Plate] [32minfo[39m: Authentication on email 2 and Password malyun
2021-11-09T14:04:20.297Z [Boiler Plate] [32minfo[39m: Calling Create User
2021-11-09T14:04:20.298Z [Boiler Plate] [32minfo[39m: Creating user 
2021-11-09T14:50:24.052Z [Boiler Plate] [32minfo[39m: Calling Create User
2021-11-09T14:50:24.056Z [Boiler Plate] [32minfo[39m: Creating user 
2021-11-09T15:30:42.362Z [Boiler Plate] [32minfo[39m: Calling Create User
2021-11-09T15:30:42.365Z [Boiler Plate] [32minfo[39m: Creating user 
2021-11-09T16:01:46.478Z [Boiler Plate] [32minfo[39m: Calling Create User
2021-11-09T16:01:46.482Z [Boiler Plate] [32minfo[39m: Creating user 
2021-11-09T16:07:07.920Z [Boiler Plate] [32minfo[39m: Calling Create User
2021-11-09T16:07:07.923Z [Boiler Plate] [32minfo[39m: Creating user 
2021-11-09T16:14:37.934Z [Boiler Plate] [32minfo[39m: Calling Create User
2021-11-09T16:14:37.938Z [Boiler Plate] [32minfo[39m: Creating user 
2021-11-09T16:24:10.017Z [Boiler Plate] [32minfo[39m: Calling Create User
2021-11-09T16:24:10.019Z [Boiler Plate] [32minfo[39m: Creating user 
2021-11-09T16:26:48.193Z [Boiler Plate] [32minfo[39m: Calling Create User
2021-11-09T16:26:48.195Z [Boiler Plate] [32minfo[39m: Creating user 
2021-11-09T16:29:53.084Z [Boiler Plate] [32minfo[39m: Calling Create User
2021-11-09T16:29:53.087Z [Boiler Plate] [32minfo[39m: Creating user 
2021-11-09T17:04:53.748Z [Boiler Plate] [32minfo[39m: Calling Create User
2021-11-09T17:04:53.751Z [Boiler Plate] [32minfo[39m: Creating user 
2021-11-09T17:09:11.744Z [Boiler Plate] [32minfo[39m: Calling Create User
2021-11-09T17:09:11.747Z [Boiler Plate] [32minfo[39m: Creating user 
2021-11-09T17:12:40.942Z [Boiler Plate] [32minfo[39m: Authentication on email NurSahal@gmail.com and password 4321 by using jwt
2021-11-09T17:13:15.740Z [Boiler Plate] [32minfo[39m: Authentication on email ali@gmail.com and password 4321 by using jwt
2021-11-09T17:13:40.545Z [Boiler Plate] [32minfo[39m: Authentication on email NurSahal@gmail.com and password 4321 by using jwt
2021-11-09T17:23:17.369Z [Boiler Plate] [32minfo[39m: Calling Create User
2021-11-09T17:23:17.372Z [Boiler Plate] [32minfo[39m: Creating user 
2021-11-09T17:28:11.075Z [Boiler Plate] [32minfo[39m: Calling Create User
2021-11-09T17:28:11.078Z [Boiler Plate] [32minfo[39m: Creating user 
2021-11-09T17:28:23.370Z [Boiler Plate] [32minfo[39m: Calling Create User
2021-11-09T17:28:23.371Z [Boiler Plate] [32minfo[39m: Creating user 
2021-11-09T17:29:17.315Z [Boiler Plate] [32minfo[39m: Calling Create User
2021-11-09T17:29:17.319Z [Boiler Plate] [32minfo[39m: Creating user 
2021-11-09T17:31:37.770Z [Boiler Plate] [32minfo[39m: Calling Create User
2021-11-09T17:31:37.772Z [Boiler Plate] [32minfo[39m: Creating user 
2021-11-09T17:33:26.110Z [Boiler Plate] [32minfo[39m: Calling Create User
2021-11-09T17:33:26.113Z [Boiler Plate] [32minfo[39m: Creating user 
2021-11-09T17:34:51.671Z [Boiler Plate] [32minfo[39m: Calling Create User
2021-11-09T17:34:51.673Z [Boiler Plate] [32minfo[39m: Creating user 
2021-11-09T17:36:52.890Z [Boiler Plate] [32minfo[39m: Calling Create User
2021-11-09T17:36:52.892Z [Boiler Plate] [32minfo[39m: Creating user 
2021-11-09T17:37:59.027Z [Boiler Plate] [32minfo[39m: Calling Create User
2021-11-09T17:37:59.031Z [Boiler Plate] [32minfo[39m: Creating user 
2021-11-10T02:54:22.616Z [Boiler Plate] [32minfo[39m: Calling Create User
2021-11-10T02:54:22.717Z [Boiler Plate] [32minfo[39m: Creating user 
2021-11-10T02:57:37.231Z [Boiler Plate] [32minfo[39m: Calling Create User
2021-11-10T02:57:37.234Z [Boiler Plate] [32minfo[39m: Creating user 
2021-11-10T04:59:38.679Z [Boiler Plate] [32minfo[39m: Calling Create User
2021-11-10T04:59:38.719Z [Boiler Plate] [32minfo[39m: Creating user 
2021-11-10T05:02:21.953Z [Boiler Plate] [32minfo[39m: Authentication on email NurSahal@gmail.com and password 4321 by using jwt
2021-11-10T05:06:05.053Z [Boiler Plate] [32minfo[39m: Authentication on email NurSahal@gmail.com and password 4321 by using jwt
2021-11-10T05:06:42.636Z [Boiler Plate] [32minfo[39m: Authentication on email NurSahal@gmail.com and password 4321 by using jwt
2021-11-10T05:43:33.286Z [Boiler Plate] [32minfo[39m: Calling Create User
2021-11-10T05:43:33.291Z [Boiler Plate] [32minfo[39m: Creating user 
2021-11-10T05:47:44.710Z [Boiler Plate] [32minfo[39m: Calling Create User
2021-11-10T05:47:44.713Z [Boiler Plate] [32minfo[39m: Creating user 
2021-11-10T05:49:47.718Z [Boiler Plate] [32minfo[39m: Calling Create User
2021-11-10T05:49:47.723Z [Boiler Plate] [32minfo[39m: Creating user 
2021-11-10T05:50:39.470Z [Boiler Plate] [32minfo[39m: Calling Create User
2021-11-10T05:50:39.475Z [Boiler Plate] [32minfo[39m: Creating user 
2021-11-10T05:52:00.040Z [Boiler Plate] [32minfo[39m: Calling Create User
2021-11-10T05:52:00.050Z [Boiler Plate] [32minfo[39m: Creating user 
2021-11-10T05:55:43.274Z [Boiler Plate] [32minfo[39m: Calling Create User
2021-11-10T05:55:43.278Z [Boiler Plate] [32minfo[39m: Creating user 
2021-11-10T05:56:34.064Z [Boiler Plate] [32minfo[39m: Calling Create User
2021-11-10T05:56:34.068Z [Boiler Plate] [32minfo[39m: Creating user 
2021-11-10T07:03:02.197Z [Boiler Plate] [32minfo[39m: Calling Create User
2021-11-10T07:03:02.200Z [Boiler Plate] [32minfo[39m: Creating user 
2021-11-10T07:06:33.607Z [Boiler Plate] [32minfo[39m: Authentication on email sara@gmail.com and password 4321 by using jwt
2021-11-10T07:19:16.613Z [Boiler Plate] [32minfo[39m: Authentication on email sara@gmail.com and password 4321 by using jwt
2021-11-11T06:52:33.762Z [Boiler Plate] [32minfo[39m: Calling Create User
2021-11-11T06:52:42.335Z [Boiler Plate] [32minfo[39m: Calling Create User
2021-11-11T06:53:15.902Z [Boiler Plate] [32minfo[39m: Calling Create User
2021-11-11T06:53:30.640Z [Boiler Plate] [32minfo[39m: Calling Create User
2021-11-11T07:01:14.711Z [Boiler Plate] [32minfo[39m: Calling Create User
2021-11-11T07:09:18.526Z [Boiler Plate] [32minfo[39m: Calling Create User
2021-11-11T07:09:18.529Z [Boiler Plate] [32minfo[39m: Creating user 
2021-11-11T07:10:06.008Z [Boiler Plate] [32minfo[39m: Calling Create User
2021-11-11T08:23:59.821Z [Boiler Plate] [32minfo[39m: Calling Create User
2021-11-11T08:24:05.312Z [Boiler Plate] [32minfo[39m: Calling Create User
2021-11-11T14:13:48.503Z [Boiler Plate] [32minfo[39m: Calling Create User
2021-11-11T14:14:10.289Z [Boiler Plate] [32minfo[39m: Calling Create User
2021-11-11T14:16:02.833Z [Boiler Plate] [32minfo[39m: Calling Create User
2021-11-11T14:16:05.525Z [Boiler Plate] [32minfo[39m: Creating user 
2021-11-11T14:34:27.123Z [Boiler Plate] [32minfo[39m: Authentication on email sara@gmail.com and password 4321 by using jwt
2021-11-11T14:34:59.267Z [Boiler Plate] [32minfo[39m: Authentication on email sara2276@gmail.com and password 4321 by using jwt
2021-11-12T08:04:53.474Z [Boiler Plate] [32minfo[39m: Authentication on email sara2276@gmail.com and password 4321 by using jwt
2021-11-12T08:08:04.201Z [Boiler Plate] [32minfo[39m: Authentication on email sara2276@gmail.com and password 4321 by using jwt
2021-11-12T08:15:43.856Z [Boiler Plate] [32minfo[39m: Authentication on email sara2276@gmail.com and password 4321 by using jwt
2021-11-12T08:17:04.134Z [Boiler Plate] [32minfo[39m: Authentication on email sara2276@gmail.com and password 4321 by using jwt
2021-11-12T08:18:52.117Z [Boiler Plate] [32minfo[39m: Authentication on email sara2276@gmail.com and password 4321 by using jwt
2021-11-12T08:21:00.697Z [Boiler Plate] [32minfo[39m: Authentication on email sara2276@gmail.com and password 4321 by using jwt
2021-11-12T08:24:44.611Z [Boiler Plate] [32minfo[39m: Authentication on email sara2276@gmail.com and password 4321 by using jwt
2021-11-12T08:26:01.443Z [Boiler Plate] [32minfo[39m: Authentication on email sara2276@gmail.com and password 4321 by using jwt
2021-11-12T08:27:03.886Z [Boiler Plate] [32minfo[39m: Authentication on email sara2276@gmail.com and password 4321 by using jwt
2021-11-12T08:29:04.624Z [Boiler Plate] [32minfo[39m: Authentication on email sara2276@gmail.com and password 4321 by using jwt
2021-11-12T08:30:43.759Z [Boiler Plate] [32minfo[39m: Authentication on email sara2276@gmail.com and password 4321 by using jwt
2021-11-12T08:33:07.130Z [Boiler Plate] [32minfo[39m: Authentication on email sara2276@gmail.com and password 4321 by using jwt
2021-11-12T08:33:14.892Z [Boiler Plate] [32minfo[39m: Authentication on email sara2276@gmail.com and password 432431 by using jwt
2021-11-12T08:36:19.423Z [Boiler Plate] [32minfo[39m: Authentication on email sara2276@gmail.com and password 4321 by using jwt
2021-11-12T08:38:03.175Z [Boiler Plate] [32minfo[39m: Authentication on email sara2276@gmail.com and password 4321 by using jwt
2021-11-12T08:38:37.836Z [Boiler Plate] [32minfo[39m: Authentication on email sara2276@gmail.com and password 4321 by using jwt
2021-11-12T08:39:27.403Z [Boiler Plate] [32minfo[39m: Authentication on email sara2276@gmail.com and password 4321 by using jwt
2021-11-12T08:41:03.049Z [Boiler Plate] [32minfo[39m: Calling Create User
2021-11-12T08:41:05.949Z [Boiler Plate] [32minfo[39m: Creating user 
2021-11-12T08:46:52.993Z [Boiler Plate] [32minfo[39m: Authentication on email Abdihakim@gmail.com and password 1234 by using jwt
2021-11-13T05:26:38.087Z [Boiler Plate] [32minfo[39m: Authentication on email Abdihakim@gmail.com and password 1234 by using jwt
2021-11-13T06:28:54.022Z [Boiler Plate] [32minfo[39m: Authentication on email Abdihakim@gmail.com and password 1234 by using jwt
2021-11-13T06:29:17.121Z [Boiler Plate] [32minfo[39m: Authentication on email Abdihakiim@gmail.com and password 1234 by using jwt
2021-11-13T08:12:38.991Z [Boiler Plate] [32minfo[39m: Authentication on email Abdihakim@gmail.com and password 1234 by using jwt
2021-11-13T08:15:54.662Z [Boiler Plate] [32minfo[39m: Authentication on email Abdihakim@gmail.com and password 1234 by using jwt
2021-11-13T08:16:42.600Z [Boiler Plate] [32minfo[39m: Authentication on email Abdihakim@gmail.com and password 1234 by using jwt
2021-11-13T08:21:00.942Z [Boiler Plate] [32minfo[39m: Authentication on email Abdihakim@gmail.com and password 1234 by using jwt
2021-11-13T08:23:48.987Z [Boiler Plate] [32minfo[39m: Authentication on email Abdihakim@gmail.com and password 1234 by using jwt
2021-11-13T08:30:43.341Z [Boiler Plate] [32minfo[39m: Authentication on email sara2276@gmail.com and password 4321 by using jwt
2021-11-13T08:47:08.295Z [Boiler Plate] [32minfo[39m: Authentication on email sara2276@gmail.com and password 4321 by using jwt
2021-11-13T08:47:57.501Z [Boiler Plate] [32minfo[39m: Authentication on email sara2276@gmail.com and password 4321 by using jwt
2021-11-13T08:50:21.887Z [Boiler Plate] [32minfo[39m: Authentication on email sara2276@gmail.com and password 4321 by using jwt
2021-11-13T08:53:42.638Z [Boiler Plate] [32minfo[39m: Authentication on email sara2276@gmail.com and password 4321 by using jwt
2021-11-13T08:56:04.829Z [Boiler Plate] [32minfo[39m: Authentication on email sara2276@gmail.com and password 4321 by using jwt
2021-11-13T08:56:12.958Z [Boiler Plate] [32minfo[39m: Authentication on email sara2276@gmail.com and password 4321 by using jwt
2021-11-13T08:56:42.218Z [Boiler Plate] [32minfo[39m: Authentication on email sara2276@gmail.com and password 4321 by using jwt
2021-11-13T08:57:46.544Z [Boiler Plate] [32minfo[39m: Authentication on email sara2276@gmail.com and password 4321 by using jwt
2021-11-13T08:58:43.621Z [Boiler Plate] [32minfo[39m: Authentication on email sara2276@gmail.com and password 4321 by using jwt
2021-11-13T08:59:16.065Z [Boiler Plate] [32minfo[39m: Authentication on email sara2276@gmail.com and password 4321 by using jwt
2021-11-13T09:00:07.468Z [Boiler Plate] [32minfo[39m: Authentication on email sara2276@gmail.com and password 4321 by using jwt
2021-11-13T09:00:45.523Z [Boiler Plate] [32minfo[39m: Authentication on email sara2276@gmail.com and password 4321 by using jwt
2021-11-13T09:00:56.463Z [Boiler Plate] [32minfo[39m: Calling Create User
2021-11-13T09:00:59.750Z [Boiler Plate] [32minfo[39m: Creating user 
2021-11-13T09:01:49.615Z [Boiler Plate] [32minfo[39m: Authentication on email ismail@gmail.com and password abcd by using jwt
2021-11-13T09:02:28.312Z [Boiler Plate] [32minfo[39m: Authentication on email ismail@gmail.com and password abcd by using jwt
2021-11-13T09:02:41.944Z [Boiler Plate] [32minfo[39m: Authentication on email ismail@gmail.com and password abcd by using jwt
2021-11-13T09:03:40.331Z [Boiler Plate] [32minfo[39m: Authentication on email ismail@gmail.com and password abcd by using jwt
2021-11-13T10:32:14.103Z [Boiler Plate] [32minfo[39m: Authentication on email ismail@gmail.com and password abcd by using jwt
2021-11-13T10:33:35.012Z [Boiler Plate] [32minfo[39m: Authentication on email ismail@gmail.com and password abcd by using jwt
2021-11-13T10:35:06.933Z [Boiler Plate] [32minfo[39m: Authentication on email ismail@gmail.com and password abcd by using jwt
2021-11-13T10:37:07.626Z [Boiler Plate] [32minfo[39m: Authentication on email ismail@gmail.com and password abcd by using jwt
2021-11-13T10:51:53.248Z [Boiler Plate] [32minfo[39m: Authentication on email sara2276@gmail.com and password 4321 by using jwt
2021-11-13T10:58:21.476Z [Boiler Plate] [32minfo[39m: Authentication on email abdihakim@gmail.com and password 1234 by using jwt
2021-11-13T10:58:54.120Z [Boiler Plate] [32minfo[39m: Authentication on email ismail@gmail.com and password abcd by using jwt
2021-11-21T07:16:52.425Z [Boiler Plate] [32minfo[39m: Authentication on email ismail@gmail.com and password abcd by using jwt
2021-11-21T09:10:48.226Z [Boiler Plate] [32minfo[39m: Authentication on email dfgs and password asdfa by using jwt
2021-11-21T09:11:41.902Z [Boiler Plate] [32minfo[39m: Authentication on email ismail@gmail.com and password abcd by using jwt
2021-11-21T09:12:09.026Z [Boiler Plate] [32minfo[39m: Authentication on email dfsgd and password dfg by using jwt
2021-11-21T09:12:16.743Z [Boiler Plate] [32minfo[39m: Authentication on email dfsgd and password dfg by using jwt
2021-11-21T09:12:17.287Z [Boiler Plate] [32minfo[39m: Authentication on email dfsgd and password dfg by using jwt
2021-11-21T09:12:52.388Z [Boiler Plate] [32minfo[39m: Authentication on email dffsd and password fdgs by using jwt
2021-11-21T09:12:52.391Z [Boiler Plate] [32minfo[39m: Authentication on email dffsd and password fdgs by using jwt
2021-11-21T09:12:53.738Z [Boiler Plate] [32minfo[39m: Authentication on email dffsd and password fdgs by using jwt
2021-11-21T09:12:53.744Z [Boiler Plate] [32minfo[39m: Authentication on email dffsd and password fdgs by using jwt
2021-11-21T09:12:54.786Z [Boiler Plate] [32minfo[39m: Authentication on email dffsd and password fdgs by using jwt
2021-11-21T09:12:54.791Z [Boiler Plate] [32minfo[39m: Authentication on email dffsd and password fdgs by using jwt
2021-11-21T09:13:31.759Z [Boiler Plate] [32minfo[39m: Authentication on email dffsd and password fdgs by using jwt
2021-11-21T09:14:55.011Z [Boiler Plate] [32minfo[39m: Authentication on email wef and password ewrqw by using jwt
2021-11-21T09:15:30.418Z [Boiler Plate] [32minfo[39m: Authentication on email ismail@gmail.com and password abcd by using jwt
2021-11-21T09:19:10.641Z [Boiler Plate] [32minfo[39m: Authentication on email dfwesr and password retwe by using jwt
2021-11-21T09:19:31.455Z [Boiler Plate] [32minfo[39m: Authentication on email ismail@gmail.com and password abcd by using jwt
2021-11-21T09:20:53.337Z [Boiler Plate] [32minfo[39m: Authentication on email ismail@gmail.com and password abcdg by using jwt
2021-11-21T09:21:06.265Z [Boiler Plate] [32minfo[39m: Authentication on email ismail@gmail.com and password abcdg by using jwt
2021-11-21T09:26:27.159Z [Boiler Plate] [32minfo[39m: Authentication on email ewf and password we by using jwt
2021-11-21T09:27:11.741Z [Boiler Plate] [32minfo[39m: Authentication on email erw and password erw by using jwt
2021-11-21T09:28:43.417Z [Boiler Plate] [32minfo[39m: Authentication on email erw and password erwe by using jwt
2021-11-21T09:29:14.828Z [Boiler Plate] [32minfo[39m: Authentication on email erw and password re by using jwt
2021-11-21T09:31:46.854Z [Boiler Plate] [32minfo[39m: Authentication on email ismail@gmail.com and password abcd by using jwt
2021-11-21T09:32:20.642Z [Boiler Plate] [32minfo[39m: Authentication on email ismail@gmail.com and password abcd by using jwt
2021-11-21T09:33:01.317Z [Boiler Plate] [32minfo[39m: Authentication on email ismail@gmail.com and password abcd by using jwt
2021-11-21T09:35:53.468Z [Boiler Plate] [32minfo[39m: Authentication on email jjh and password jhjhj by using jwt
2021-11-21T09:38:23.030Z [Boiler Plate] [32minfo[39m: Authentication on email jjh and password jhjhj by using jwt
2021-11-21T09:39:17.601Z [Boiler Plate] [32minfo[39m: Authentication on email jjh and password jhjhj by using jwt
2021-11-21T09:40:27.020Z [Boiler Plate] [32minfo[39m: Authentication on email kjdskjfs and password kkjjk by using jwt
2021-11-21T09:44:00.378Z [Boiler Plate] [32minfo[39m: Authentication on email sara2276@gmail.com and password 4321 by using jwt
2021-11-21T09:44:23.280Z [Boiler Plate] [32minfo[39m: Authentication on email ismail@gmail.com and password abcd by using jwt
2021-11-21T09:45:14.752Z [Boiler Plate] [32minfo[39m: Authentication on email ismail@gmail.com and password abcd by using jwt
2021-11-21T09:45:45.822Z [Boiler Plate] [32minfo[39m: Authentication on email ismail@gmail.com and password abcd by using jwt
2021-11-21T09:46:19.350Z [Boiler Plate] [32minfo[39m: Authentication on email ismail@gmail.com and password abcd by using jwt
2021-11-21T09:47:23.940Z [Boiler Plate] [32minfo[39m: Authentication on email ismail@gmail.com and password abcd by using jwt
2021-11-21T09:48:34.233Z [Boiler Plate] [32minfo[39m: Authentication on email i7smail@gmail.com and password abcd by using jwt
2021-11-21T09:48:46.438Z [Boiler Plate] [32minfo[39m: Authentication on email ismail@gmail.com and password abcd by using jwt
2021-11-21T09:48:53.577Z [Boiler Plate] [32minfo[39m: Authentication on email ismail@gmail.com and password abcd by using jwt
2021-11-21T09:49:24.724Z [Boiler Plate] [32minfo[39m: Authentication on email ismail@gmail.com and password abcd by using jwt
2021-11-21T09:49:32.650Z [Boiler Plate] [32minfo[39m: Authentication on email ismjail@gmail.com and password abcd by using jwt
2021-11-21T09:50:33.472Z [Boiler Plate] [32minfo[39m: Authentication on email ismail@gmail.com and password abcd by using jwt
2021-11-21T09:50:52.219Z [Boiler Plate] [32minfo[39m: Authentication on email ismail@gmail.com and password abcd by using jwt
2021-11-21T09:51:36.568Z [Boiler Plate] [32minfo[39m: Authentication on email ismail@gmail.com and password abcd by using jwt
2021-11-21T09:51:46.135Z [Boiler Plate] [32minfo[39m: Authentication on email ismaiil@gmail.com and password abcd by using jwt
2021-11-21T09:52:17.844Z [Boiler Plate] [32minfo[39m: Authentication on email is7mail@gmail.com and password abcd by using jwt
2021-11-21T09:53:04.274Z [Boiler Plate] [32minfo[39m: Authentication on email ismail@gmail.com and password abcd by using jwt
2021-11-21T09:53:16.054Z [Boiler Plate] [32minfo[39m: Authentication on email isma8il@gmail.com and password abcd by using jwt
2021-11-21T09:54:05.510Z [Boiler Plate] [32minfo[39m: Authentication on email is7mail@gmail.com and password 767676 by using jwt
2021-11-21T09:54:53.163Z [Boiler Plate] [32minfo[39m: Authentication on email is7mail@gmail.com and password abcd by using jwt
2021-11-21T09:55:38.206Z [Boiler Plate] [32minfo[39m: Authentication on email ismail@gmail.com and password abcd by using jwt
2021-11-21T09:55:53.893Z [Boiler Plate] [32minfo[39m: Authentication on email ismrail@gmail.com and password abcd by using jwt
2021-11-21T09:56:58.024Z [Boiler Plate] [32minfo[39m: Authentication on email ismail@gmail.com and password jkjkjjk by using jwt
2021-11-21T09:57:38.601Z [Boiler Plate] [32minfo[39m: Authentication on email is7mail@gmail.com and password jjhhj by using jwt
2021-11-21T09:57:47.872Z [Boiler Plate] [32minfo[39m: Authentication on email is7mail@gmail.com and password jjhhj by using jwt
2021-11-21T09:58:43.416Z [Boiler Plate] [32minfo[39m: Authentication on email is7mail@gmail.com and password jjhhj by using jwt
2021-11-21T09:58:51.385Z [Boiler Plate] [32minfo[39m: Authentication on email is7mail@gmail.com and password abcd by using jwt
2021-11-21T09:59:07.835Z [Boiler Plate] [32minfo[39m: Authentication on email ismail@gmail.com and password abcd by using jwt
2021-11-21T09:59:51.349Z [Boiler Plate] [32minfo[39m: Authentication on email ismail@gmail.com and password abcd by using jwt
2021-11-21T10:00:14.242Z [Boiler Plate] [32minfo[39m: Authentication on email isdmail@gmail.com and password abcd by using jwt
2021-11-21T10:02:05.930Z [Boiler Plate] [32minfo[39m: Authentication on email ismail@gmail.com and password abcd by using jwt
2021-11-21T10:02:12.094Z [Boiler Plate] [32minfo[39m: Authentication on email ismail@gmail.com and password abcd7 by using jwt
2021-11-21T10:02:53.770Z [Boiler Plate] [32minfo[39m: Authentication on email ismail@gmail.com and password abcd7 by using jwt
2021-11-21T10:02:59.890Z [Boiler Plate] [32minfo[39m: Authentication on email ismail@gmail.com and password abcd by using jwt
2021-11-21T10:03:36.819Z [Boiler Plate] [32minfo[39m: Authentication on email ismail@gmail.com and password abcd by using jwt
2021-11-21T10:03:41.466Z [Boiler Plate] [32minfo[39m: Authentication on email ismail@gmail.com and password abcd by using jwt
2021-11-21T10:03:42.327Z [Boiler Plate] [32minfo[39m: Authentication on email ismail@gmail.com and password abcd by using jwt
2021-11-21T10:03:43.035Z [Boiler Plate] [32minfo[39m: Authentication on email ismail@gmail.com and password abcd by using jwt
2021-11-21T10:05:22.589Z [Boiler Plate] [32minfo[39m: Authentication on email ismail@gmail.com and password abcd by using jwt
2021-11-21T10:07:47.402Z [Boiler Plate] [32minfo[39m: Authentication on email ismail@gmail.com and password abcd by using jwt
2021-11-21T10:07:53.762Z [Boiler Plate] [32minfo[39m: Authentication on email ism7ail@gmail.com and password abcd by using jwt
2021-11-21T10:08:51.925Z [Boiler Plate] [32minfo[39m: Authentication on email ism7ail@gmail.com and password abcd by using jwt
2021-11-21T11:39:31.811Z [Boiler Plate] [32minfo[39m: Authentication on email hhg and password 66776y by using jwt
2021-11-21T14:02:14.429Z [Boiler Plate] [32minfo[39m: Authentication on email ismail@gmail.com and password abcd by using jwt
2021-11-21T14:02:42.277Z [Boiler Plate] [32minfo[39m: Authentication on email ismail@gmail.com and password abcd by using jwt
2021-11-21T18:17:58.087Z [Boiler Plate] [32minfo[39m: Authentication on email ismail@gmail.com and password abcd by using jwt
2021-11-21T18:17:59.959Z [Boiler Plate] [32minfo[39m: Authentication on email ismail@gmail.com and password abcd by using jwt
2021-11-21T18:18:06.598Z [Boiler Plate] [32minfo[39m: Authentication on email ismail@gmail.com and password abcd by using jwt
2021-11-21T18:18:06.602Z [Boiler Plate] [32minfo[39m: Authentication on email ismail@gmail.com and password abcd by using jwt
2021-11-21T18:18:36.462Z [Boiler Plate] [32minfo[39m: Authentication on email ismail@gmail.com and password abcd by using jwt
2021-11-21T18:18:36.465Z [Boiler Plate] [32minfo[39m: Authentication on email ismail@gmail.com and password abcd by using jwt
2021-11-22T04:51:45.367Z [Boiler Plate] [32minfo[39m: Authentication on email sara2276@gmail.com and password 4321 by using jwt
2021-11-22T04:52:17.822Z [Boiler Plate] [32minfo[39m: Authentication on email sara2276@gmail.com and password 4321 by using jwt
2021-11-22T04:52:37.807Z [Boiler Plate] [32minfo[39m: Authentication on email sara2276@gmail.com and password 4321 by using jwt
2021-11-22T04:54:38.075Z [Boiler Plate] [32minfo[39m: Authentication on email sara2276@gmail.com and password 4321 by using jwt
2021-11-22T04:54:52.453Z [Boiler Plate] [32minfo[39m: Authentication on email sara2276@gmail.com and password 4321 by using jwt
2021-11-22T04:56:50.727Z [Boiler Plate] [32minfo[39m: Authentication on email sara2276@gmail.com and password 4321 by using jwt
2021-11-22T04:57:06.732Z [Boiler Plate] [32minfo[39m: Authentication on email sara2276@gmail.com and password 43278 by using jwt
2021-11-22T04:57:24.027Z [Boiler Plate] [32minfo[39m: Authentication on email sara2276@gmail.com and password 4321 by using jwt
2021-11-22T05:01:01.768Z [Boiler Plate] [32minfo[39m: Authentication on email sara2276@gmail.com and password 4321 by using jwt
2021-11-22T05:01:31.814Z [Boiler Plate] [32minfo[39m: Authentication on email sara2276@gmail.com and password 4321 by using jwt
2021-11-22T05:01:31.817Z [Boiler Plate] [32minfo[39m: Authentication on email sara2276@gmail.com and password 4321 by using jwt
2021-11-22T05:02:59.855Z [Boiler Plate] [32minfo[39m: Authentication on email sara2276@gmail.com and password 4321 by using jwt
2021-11-22T05:03:33.623Z [Boiler Plate] [32minfo[39m: Authentication on email sara2276@gmail.com and password 432156 by using jwt
2021-11-22T05:03:49.340Z [Boiler Plate] [32minfo[39m: Authentication on email sara2276@gmail.com and password 43251 by using jwt
2021-11-22T05:04:12.674Z [Boiler Plate] [32minfo[39m: Authentication on email sara2276@gmail.com and password 4321 by using jwt
2021-11-22T05:06:00.349Z [Boiler Plate] [32minfo[39m: Authentication on email sara2276@gmail.com and password 4567 by using jwt
2021-11-22T05:06:53.255Z [Boiler Plate] [32minfo[39m: Authentication on email sara2276@gmail.com and password 4321 by using jwt
2021-11-22T05:07:01.033Z [Boiler Plate] [32minfo[39m: Authentication on email sara2276@gmail.com and password 432156 by using jwt
2021-11-22T05:10:07.692Z [Boiler Plate] [32minfo[39m: Authentication on email sara2276@gmail.com and password 432156 by using jwt
2021-11-22T05:10:58.499Z [Boiler Plate] [32minfo[39m: Authentication on email sara2276@gmail.com and password 432156 by using jwt
2021-11-22T05:23:45.180Z [Boiler Plate] [32minfo[39m: Authentication on email sara2276@gmail.com and password 4321 by using jwt
2021-11-22T05:24:19.629Z [Boiler Plate] [32minfo[39m: Authentication on email sara2276@gmail.com and password 4321 by using jwt
2021-11-22T05:24:59.632Z [Boiler Plate] [32minfo[39m: Authentication on email sara2276@gmail.com and password 43215 by using jwt
2021-11-22T05:28:57.979Z [Boiler Plate] [32minfo[39m: Authentication on email sara2276@gmail.com and password 43218 by using jwt
2021-11-22T05:30:07.421Z [Boiler Plate] [32minfo[39m: Authentication on email sara2276@gmail.com and password 223311 by using jwt
2021-11-22T05:31:35.625Z [Boiler Plate] [32minfo[39m: Authentication on email sara2276@gmail.com and password sswwe by using jwt
2021-11-22T05:32:36.644Z [Boiler Plate] [32minfo[39m: Authentication on email sara2276@gmail.com and password ssww by using jwt
2021-11-22T05:35:15.033Z [Boiler Plate] [32minfo[39m: Authentication on email sara2276@gmail.com and password 43218 by using jwt
2021-11-22T06:45:19.097Z [Boiler Plate] [32minfo[39m: Authentication on email ksddskfa and password lksdfalfd by using jwt
2021-11-22T11:49:10.904Z [Boiler Plate] [32minfo[39m: Authentication on email sara2276@gmail.com and password 43218 by using jwt
2021-11-22T11:49:53.782Z [Boiler Plate] [32minfo[39m: Authentication on email sara2276@gmail.com and password 4321 by using jwt
2021-11-22T16:46:02.087Z [Boiler Plate] [32minfo[39m: Authentication on email sara2276@gmail.com and password 4321 by using jwt
